  [1m[35m (169.7ms)[0m  [1m[35mCREATE DATABASE "task1_dev" ENCODING = 'unicode'[0m
  [1m[35m (103.0ms)[0m  [1m[35mCREATE DATABASE "task1_test" ENCODING = 'unicode'[0m
Started GET "/" for ::1 at 2022-08-14 11:33:15 +0530
Processing by Rails::WelcomeController#index as HTML
  Rendering /home/joseph/.rvm/gems/ruby-3.0.0/gems/railties-7.0.3.1/lib/rails/templates/rails/welcome/index.html.erb
  Rendered /home/joseph/.rvm/gems/ruby-3.0.0/gems/railties-7.0.3.1/lib/rails/templates/rails/welcome/index.html.erb (Duration: 2.1ms | Allocations: 743)
Completed 200 OK in 17ms (Views: 7.4ms | ActiveRecord: 0.0ms | Allocations: 7036)


  [1m[35m (10.3ms)[0m  [1m[35mCREATE TABLE "schema_migrations" ("version" character varying NOT NULL PRIMARY KEY)[0m
  [1m[35m (6.3ms)[0m  [1m[35mCREATE TABLE "ar_internal_metadata" ("key" character varying NOT NULL PRIMARY KEY, "value" character varying, "created_at" timestamp(6) NOT NULL, "updated_at" timestamp(6) NOT NULL)[0m
  [1m[35m (0.3ms)[0m  [1m[34mSELECT pg_try_advisory_lock(332901301753676040)[0m
  [1m[36mActiveRecord::SchemaMigration Pluck (0.4ms)[0m  [1m[34mSELECT "schema_migrations"."version" FROM "schema_migrations" ORDER BY "schema_migrations"."version" ASC[0m
Migrating to CreateApples (20220814060420)
  [1m[36mTRANSACTION (0.2ms)[0m  [1m[35mBEGIN[0m
  [1m[35m (6.7ms)[0m  [1m[35mCREATE TABLE "apples" ("id" bigserial primary key, "name" character varying, "created_at" timestamp(6) NOT NULL, "updated_at" timestamp(6) NOT NULL)[0m
  [1m[36mActiveRecord::SchemaMigration Create (0.5ms)[0m  [1m[32mINSERT INTO "schema_migrations" ("version") VALUES ($1) RETURNING "version"[0m  [["version", "20220814060420"]]
  [1m[36mTRANSACTION (1.2ms)[0m  [1m[35mCOMMIT[0m
Migrating to CreateOranges (20220814060438)
  [1m[36mTRANSACTION (0.2ms)[0m  [1m[35mBEGIN[0m
  [1m[35m (5.6ms)[0m  [1m[35mCREATE TABLE "oranges" ("id" bigserial primary key, "name" character varying, "created_at" timestamp(6) NOT NULL, "updated_at" timestamp(6) NOT NULL)[0m
  [1m[36mActiveRecord::SchemaMigration Create (0.3ms)[0m  [1m[32mINSERT INTO "schema_migrations" ("version") VALUES ($1) RETURNING "version"[0m  [["version", "20220814060438"]]
  [1m[36mTRANSACTION (0.9ms)[0m  [1m[35mCOMMIT[0m
  [1m[36mActiveRecord::InternalMetadata Load (0.4ms)[0m  [1m[34mSELECT "ar_internal_metadata".* FROM "ar_internal_metadata" WHERE "ar_internal_metadata"."key" = $1 LIMIT $2[0m  [["key", "environment"], ["LIMIT", 1]]
  [1m[36mTRANSACTION (0.2ms)[0m  [1m[35mBEGIN[0m
  [1m[36mActiveRecord::InternalMetadata Create (0.5ms)[0m  [1m[32mINSERT INTO "ar_internal_metadata" ("key", "value", "created_at", "updated_at") VALUES ($1, $2, $3, $4) RETURNING "key"[0m  [["key", "environment"], ["value", "development"], ["created_at", "2022-08-14 06:04:49.002975"], ["updated_at", "2022-08-14 06:04:49.002975"]]
  [1m[36mTRANSACTION (1.0ms)[0m  [1m[35mCOMMIT[0m
  [1m[35m (0.3ms)[0m  [1m[34mSELECT pg_advisory_unlock(332901301753676040)[0m
  [1m[36mActiveRecord::SchemaMigration Pluck (0.7ms)[0m  [1m[34mSELECT "schema_migrations"."version" FROM "schema_migrations" ORDER BY "schema_migrations"."version" ASC[0m
  [1m[36mApple Count (0.5ms)[0m  [1m[34mSELECT COUNT(*) FROM "apples"[0m
  [1m[36mOrange Count (1.1ms)[0m  [1m[34mSELECT COUNT(*) FROM "oranges"[0m
  [1m[36mTRANSACTION (0.2ms)[0m  [1m[35mBEGIN[0m
  [1m[36mApple Create (0.7ms)[0m  [1m[32mINSERT INTO "apples" ("name", "created_at", "updated_at") VALUES ($1, $2, $3) RETURNING "id"[0m  [["name", "1"], ["created_at", "2022-08-14 07:04:55.700241"], ["updated_at", "2022-08-14 07:04:55.700241"]]
  [1m[36mTRANSACTION (1.0ms)[0m  [1m[35mCOMMIT[0m
  [1m[36mTRANSACTION (0.2ms)[0m  [1m[35mBEGIN[0m
  [1m[36mOrange Create (0.7ms)[0m  [1m[32mINSERT INTO "oranges" ("name", "created_at", "updated_at") VALUES ($1, $2, $3) RETURNING "id"[0m  [["name", "1"], ["created_at", "2022-08-14 07:05:14.453701"], ["updated_at", "2022-08-14 07:05:14.453701"]]
  [1m[36mTRANSACTION (8.5ms)[0m  [1m[35mCOMMIT[0m
  [1m[36mTRANSACTION (0.2ms)[0m  [1m[35mBEGIN[0m
  [1m[36mOrange Create (0.5ms)[0m  [1m[32mINSERT INTO "oranges" ("name", "created_at", "updated_at") VALUES ($1, $2, $3) RETURNING "id"[0m  [["name", "1"], ["created_at", "2022-08-14 07:06:11.628878"], ["updated_at", "2022-08-14 07:06:11.628878"]]
  [1m[36mTRANSACTION (1.0ms)[0m  [1m[35mCOMMIT[0m
  [1m[36mTRANSACTION (0.2ms)[0m  [1m[35mBEGIN[0m
  [1m[36mApple Create (0.6ms)[0m  [1m[32mINSERT INTO "apples" ("name", "created_at", "updated_at") VALUES ($1, $2, $3) RETURNING "id"[0m  [["name", "1"], ["created_at", "2022-08-14 07:06:14.742067"], ["updated_at", "2022-08-14 07:06:14.742067"]]
  [1m[36mTRANSACTION (2.2ms)[0m  [1m[35mCOMMIT[0m
  [1m[36mApple Count (0.5ms)[0m  [1m[34mSELECT COUNT(*) FROM "apples"[0m
  [1m[36mOrange Count (0.4ms)[0m  [1m[34mSELECT COUNT(*) FROM "oranges"[0m
  [1m[36mOrange Count (0.5ms)[0m  [1m[34mSELECT COUNT(*) FROM "oranges"[0m
  [1m[36mApple Count (0.5ms)[0m  [1m[34mSELECT COUNT(*) FROM "apples"[0m
  [1m[36mTRANSACTION (0.2ms)[0m  [1m[35mBEGIN[0m
  [1m[36mApple Create (0.5ms)[0m  [1m[32mINSERT INTO "apples" ("name", "created_at", "updated_at") VALUES ($1, $2, $3) RETURNING "id"[0m  [["name", "1"], ["created_at", "2022-08-14 07:13:33.596593"], ["updated_at", "2022-08-14 07:13:33.596593"]]
  [1m[36mTRANSACTION (2.2ms)[0m  [1m[35mCOMMIT[0m
  [1m[36mTRANSACTION (0.2ms)[0m  [1m[35mBEGIN[0m
  [1m[36mOrange Create (0.5ms)[0m  [1m[32mINSERT INTO "oranges" ("name", "created_at", "updated_at") VALUES ($1, $2, $3) RETURNING "id"[0m  [["name", "1"], ["created_at", "2022-08-14 07:13:40.406237"], ["updated_at", "2022-08-14 07:13:40.406237"]]
  [1m[36mTRANSACTION (2.2ms)[0m  [1m[35mCOMMIT[0m
  [1m[36mApple Count (0.5ms)[0m  [1m[34mSELECT COUNT(*) FROM "apples"[0m
  [1m[36mTRANSACTION (0.2ms)[0m  [1m[35mBEGIN[0m
  [1m[36mOrange Create (0.5ms)[0m  [1m[32mINSERT INTO "oranges" ("name", "created_at", "updated_at") VALUES ($1, $2, $3) RETURNING "id"[0m  [["name", "1"], ["created_at", "2022-08-14 07:22:59.457811"], ["updated_at", "2022-08-14 07:22:59.457811"]]
  [1m[36mTRANSACTION (18.6ms)[0m  [1m[35mCOMMIT[0m
  [1m[36mApple Count (0.5ms)[0m  [1m[34mSELECT COUNT(*) FROM "apples"[0m
  [1m[36mApple Count (0.5ms)[0m  [1m[34mSELECT COUNT(*) FROM "apples"[0m
  [1m[36mTRANSACTION (0.2ms)[0m  [1m[35mBEGIN[0m
  [1m[36mOrange Create (0.5ms)[0m  [1m[32mINSERT INTO "oranges" ("name", "created_at", "updated_at") VALUES ($1, $2, $3) RETURNING "id"[0m  [["name", "1"], ["created_at", "2022-08-14 07:23:39.243634"], ["updated_at", "2022-08-14 07:23:39.243634"]]
  [1m[36mTRANSACTION (18.6ms)[0m  [1m[35mCOMMIT[0m
  [1m[36mTRANSACTION (0.2ms)[0m  [1m[35mBEGIN[0m
  [1m[36mOrange Create (0.7ms)[0m  [1m[32mINSERT INTO "oranges" ("name", "created_at", "updated_at") VALUES ($1, $2, $3) RETURNING "id"[0m  [["name", "1"], ["created_at", "2022-08-14 07:26:49.421303"], ["updated_at", "2022-08-14 07:26:49.421303"]]
  [1m[36mTRANSACTION (1.0ms)[0m  [1m[35mCOMMIT[0m
  [1m[36mTRANSACTION (0.2ms)[0m  [1m[35mBEGIN[0m
  [1m[36mApple Create (0.5ms)[0m  [1m[32mINSERT INTO "apples" ("name", "created_at", "updated_at") VALUES ($1, $2, $3) RETURNING "id"[0m  [["name", "1"], ["created_at", "2022-08-14 07:27:04.137225"], ["updated_at", "2022-08-14 07:27:04.137225"]]
  [1m[36mTRANSACTION (2.2ms)[0m  [1m[35mCOMMIT[0m
  [1m[36mTRANSACTION (0.2ms)[0m  [1m[35mBEGIN[0m
  [1m[36mApple Create (0.7ms)[0m  [1m[32mINSERT INTO "apples" ("name", "created_at", "updated_at") VALUES ($1, $2, $3) RETURNING "id"[0m  [["name", "1"], ["created_at", "2022-08-14 07:28:06.017356"], ["updated_at", "2022-08-14 07:28:06.017356"]]
  [1m[36mTRANSACTION (0.2ms)[0m  [1m[31mROLLBACK[0m
  [1m[36mTRANSACTION (0.2ms)[0m  [1m[35mBEGIN[0m
  [1m[36mApple Create (0.5ms)[0m  [1m[32mINSERT INTO "apples" ("name", "created_at", "updated_at") VALUES ($1, $2, $3) RETURNING "id"[0m  [["name", "1"], ["created_at", "2022-08-14 07:28:57.723316"], ["updated_at", "2022-08-14 07:28:57.723316"]]
  [1m[36mTRANSACTION (0.3ms)[0m  [1m[31mROLLBACK[0m
  [1m[36mTRANSACTION (0.2ms)[0m  [1m[35mBEGIN[0m
  [1m[36mApple Create (0.7ms)[0m  [1m[32mINSERT INTO "apples" ("name", "created_at", "updated_at") VALUES ($1, $2, $3) RETURNING "id"[0m  [["name", "1"], ["created_at", "2022-08-14 07:29:19.353543"], ["updated_at", "2022-08-14 07:29:19.353543"]]
  [1m[36mTRANSACTION (1.1ms)[0m  [1m[35mCOMMIT[0m
  [1m[36mTRANSACTION (0.2ms)[0m  [1m[35mBEGIN[0m
  [1m[36mApple Create (0.5ms)[0m  [1m[32mINSERT INTO "apples" ("name", "created_at", "updated_at") VALUES ($1, $2, $3) RETURNING "id"[0m  [["name", "1"], ["created_at", "2022-08-14 07:29:48.244271"], ["updated_at", "2022-08-14 07:29:48.244271"]]
  [1m[36mTRANSACTION (0.2ms)[0m  [1m[31mROLLBACK[0m
  [1m[36mTRANSACTION (0.2ms)[0m  [1m[35mBEGIN[0m
  [1m[36mApple Create (0.6ms)[0m  [1m[32mINSERT INTO "apples" ("name", "created_at", "updated_at") VALUES ($1, $2, $3) RETURNING "id"[0m  [["name", "1"], ["created_at", "2022-08-14 07:30:27.086476"], ["updated_at", "2022-08-14 07:30:27.086476"]]
  [1m[36mTRANSACTION (1.1ms)[0m  [1m[35mCOMMIT[0m
  [1m[36mTRANSACTION (0.2ms)[0m  [1m[35mBEGIN[0m
  [1m[36mApple Create (0.6ms)[0m  [1m[32mINSERT INTO "apples" ("name", "created_at", "updated_at") VALUES ($1, $2, $3) RETURNING "id"[0m  [["name", "1"], ["created_at", "2022-08-14 07:31:19.079826"], ["updated_at", "2022-08-14 07:31:19.079826"]]
  [1m[36mTRANSACTION (1.2ms)[0m  [1m[35mCOMMIT[0m
  [1m[36mTRANSACTION (0.2ms)[0m  [1m[35mBEGIN[0m
  [1m[36mOrange Create (0.5ms)[0m  [1m[32mINSERT INTO "oranges" ("name", "created_at", "updated_at") VALUES ($1, $2, $3) RETURNING "id"[0m  [["name", "1"], ["created_at", "2022-08-14 07:31:27.216087"], ["updated_at", "2022-08-14 07:31:27.216087"]]
  [1m[36mTRANSACTION (7.1ms)[0m  [1m[35mCOMMIT[0m
  [1m[36mTRANSACTION (0.2ms)[0m  [1m[35mBEGIN[0m
  [1m[36mOrange Create (0.6ms)[0m  [1m[32mINSERT INTO "oranges" ("name", "created_at", "updated_at") VALUES ($1, $2, $3) RETURNING "id"[0m  [["name", "1"], ["created_at", "2022-08-14 07:32:05.733370"], ["updated_at", "2022-08-14 07:32:05.733370"]]
  [1m[36mTRANSACTION (1.0ms)[0m  [1m[35mCOMMIT[0m
  [1m[36mTRANSACTION (0.2ms)[0m  [1m[35mBEGIN[0m
  [1m[36mApple Create (0.7ms)[0m  [1m[32mINSERT INTO "apples" ("name", "created_at", "updated_at") VALUES ($1, $2, $3) RETURNING "id"[0m  [["name", "1"], ["created_at", "2022-08-14 07:32:08.335990"], ["updated_at", "2022-08-14 07:32:08.335990"]]
  [1m[36mTRANSACTION (2.3ms)[0m  [1m[35mCOMMIT[0m
  [1m[36mTRANSACTION (0.2ms)[0m  [1m[35mBEGIN[0m
  [1m[36mApple Create (0.6ms)[0m  [1m[32mINSERT INTO "apples" ("name", "created_at", "updated_at") VALUES ($1, $2, $3) RETURNING "id"[0m  [["name", "1"], ["created_at", "2022-08-14 07:42:43.674173"], ["updated_at", "2022-08-14 07:42:43.674173"]]
  [1m[36mTRANSACTION (1.0ms)[0m  [1m[35mCOMMIT[0m
  [1m[36mTRANSACTION (0.2ms)[0m  [1m[35mBEGIN[0m
  [1m[36mOrange Create (0.5ms)[0m  [1m[32mINSERT INTO "oranges" ("name", "created_at", "updated_at") VALUES ($1, $2, $3) RETURNING "id"[0m  [["name", "1"], ["created_at", "2022-08-14 07:42:46.687173"], ["updated_at", "2022-08-14 07:42:46.687173"]]
  [1m[36mTRANSACTION (18.5ms)[0m  [1m[35mCOMMIT[0m
  [1m[36mApple Count (0.6ms)[0m  [1m[34mSELECT COUNT(*) FROM "apples"[0m
